Using pre-set license
Built from '2020.3/staging' branch; Version is '2020.3.0f1 (c7b5465681fb) revision 13088070'; Using compiler version '192528614'; Build Type 'Release'
OS: 'Windows 10 Pro; OS build 19043.1288; Version 2009; 64bit' Language: 'pt' Physical Memory: 8120 MB
BatchMode: 1, IsHumanControllingUs: 0, StartBugReporterOnCrash: 0, Is64bit: 1, IsPro: 0

 COMMAND LINE ARGUMENTS:
C:\Program Files\Unity\2020.3\Editor\Unity.exe
-adb2
-batchMode
-noUpm
-name
AssetImportWorker1
-projectPath
D:/_Nickstudios/_DATA GameProjects/Freelas/Flux_Test/Project-evaluation-Porgrammer-Flux/Find Job
-logFile
Logs/AssetImportWorker1.log
-srvPort
65188
Successfully changed project path to: D:/_Nickstudios/_DATA GameProjects/Freelas/Flux_Test/Project-evaluation-Porgrammer-Flux/Find Job
D:/_Nickstudios/_DATA GameProjects/Freelas/Flux_Test/Project-evaluation-Porgrammer-Flux/Find Job
Using Asset Import Pipeline V2.
Refreshing native plugins compatible for Editor in 90.07 ms, found 2 plugins.
Preloading 0 native plugins for Editor in 0.00 ms.
Initialize engine version: 2020.3.0f1 (c7b5465681fb)
[Subsystems] Discovering subsystems at path C:/Program Files/Unity/2020.3/Editor/Data/Resources/UnitySubsystems
[Subsystems] Discovering subsystems at path D:/_Nickstudios/_DATA GameProjects/Freelas/Flux_Test/Project-evaluation-Porgrammer-Flux/Find Job/Assets
GfxDevice: creating device client; threaded=0
Direct3D:
    Version:  Direct3D 11.0 [level 11.1]
    Renderer: Radeon RX550/550 Series (ID=0x699f)
    Vendor:   
    VRAM:     4076 MB
    Driver:   30.0.13025.5005
Initialize mono
Mono path[0] = 'C:/Program Files/Unity/2020.3/Editor/Data/Managed'
Mono path[1] = 'C:/Program Files/Unity/2020.3/Editor/Data/MonoBleedingEdge/lib/mono/unityjit'
Mono config path = 'C:/Program Files/Unity/2020.3/Editor/Data/MonoBleedingEdge/etc'
Using monoOptions --debugger-agent=transport=dt_socket,embedding=1,server=y,suspend=n,address=127.0.0.1:56504
Begin MonoManager ReloadAssembly
Registering precompiled unity dll's ...
Register platform support module: C:/Program Files/Unity/2020.3/Editor/Data/PlaybackEngines/WindowsStandaloneSupport/UnityEditor.WindowsStandalone.Extensions.dll
Registered in 0.003944 seconds.
Native extension for WindowsStandalone target not found
Refreshing native plugins compatible for Editor in 62.36 ms, found 2 plugins.
Preloading 0 native plugins for Editor in 0.00 ms.
Invoked RoslynAnalysisRunner static constructor.
RoslynAnalysisRunner will not be running.
RoslynAnalysisRunner has terminated.
Mono: successfully reloaded assembly
- Completed reload, in  1.841 seconds
Platform modules already initialized, skipping
Registering precompiled user dll's ...
Registered in 0.004869 seconds.
Begin MonoManager ReloadAssembly
Native extension for WindowsStandalone target not found
Refreshing native plugins compatible for Editor in 1.28 ms, found 2 plugins.
Preloading 0 native plugins for Editor in 0.00 ms.
Invoked RoslynAnalysisRunner static constructor.
RoslynAnalysisRunner will not be running.
RoslynAnalysisRunner has terminated.
Mono: successfully reloaded assembly
- Completed reload, in  1.832 seconds
Platform modules already initialized, skipping
========================================================================
Worker process is ready to serve import requests
Launched and connected shader compiler UnityShaderCompiler.exe after 0.13 seconds
Refreshing native plugins compatible for Editor in 1.01 ms, found 2 plugins.
Preloading 0 native plugins for Editor in 0.00 ms.
Unloading 1960 Unused Serialized files (Serialized files now loaded: 0)
System memory in use before: 100.6 MB.
System memory in use after: 100.7 MB.

Unloading 58 unused Assets to reduce memory usage. Loaded Objects now: 2388.
Total: 7.381300 ms (FindLiveObjects: 0.507200 ms CreateObjectMapping: 0.260200 ms MarkObjects: 6.446600 ms  DeleteObjects: 0.163600 ms)

========================================================================
Received Import Request.
  path: Assets/Prefabs/Enemies/En1.prefab
  artifactKey: Guid(8ba3dd1b2c10af84c96a36175821f073) Importer(815301076,1909f56bfc062723c751e8b465ee728b)
Start importing Assets/Prefabs/Enemies/En1.prefab using Guid(8ba3dd1b2c10af84c96a36175821f073) Importer(815301076,1909f56bfc062723c751e8b465ee728b)  -> (artifact id: 'c914fee6e6c7510986e0620094636644') in 0.131025 seconds
  Import took 0.173565 seconds .

========================================================================
Received Prepare
Refreshing native plugins compatible for Editor in 11.15 ms, found 2 plugins.
Preloading 0 native plugins for Editor in 0.00 ms.
Unloading 47 Unused Serialized files (Serialized files now loaded: 0)
System memory in use before: 62.4 MB.
System memory in use after: 62.6 MB.

Unloading 49 unused Assets to reduce memory usage. Loaded Objects now: 2388.
Total: 6.281200 ms (FindLiveObjects: 0.241200 ms CreateObjectMapping: 0.055800 ms MarkObjects: 5.880200 ms  DeleteObjects: 0.101600 ms)

========================================================================
Received Prepare
Registering precompiled user dll's ...
Registered in 0.004850 seconds.
Begin MonoManager ReloadAssembly
Native extension for WindowsStandalone target not found
Refreshing native plugins compatible for Editor in 0.81 ms, found 2 plugins.
Preloading 0 native plugins for Editor in 0.00 ms.
Invoked RoslynAnalysisRunner static constructor.
RoslynAnalysisRunner will not be running.
RoslynAnalysisRunner has terminated.
Mono: successfully reloaded assembly
- Completed reload, in  1.365 seconds
Platform modules already initialized, skipping
Refreshing native plugins compatible for Editor in 0.94 ms, found 2 plugins.
Preloading 0 native plugins for Editor in 0.00 ms.
Unloading 1954 Unused Serialized files (Serialized files now loaded: 0)
System memory in use before: 100.6 MB.
System memory in use after: 100.7 MB.

Unloading 49 unused Assets to reduce memory usage. Loaded Objects now: 2391.
Total: 5.987700 ms (FindLiveObjects: 0.329000 ms CreateObjectMapping: 0.068400 ms MarkObjects: 5.552500 ms  DeleteObjects: 0.035800 ms)

========================================================================
Received Prepare
Registering precompiled user dll's ...
Registered in 0.003738 seconds.
Begin MonoManager ReloadAssembly
Native extension for WindowsStandalone target not found
Refreshing native plugins compatible for Editor in 0.81 ms, found 2 plugins.
Preloading 0 native plugins for Editor in 0.00 ms.
Invoked RoslynAnalysisRunner static constructor.
RoslynAnalysisRunner will not be running.
RoslynAnalysisRunner has terminated.
Mono: successfully reloaded assembly
- Completed reload, in  1.328 seconds
Platform modules already initialized, skipping
Refreshing native plugins compatible for Editor in 0.82 ms, found 2 plugins.
Preloading 0 native plugins for Editor in 0.00 ms.
Unloading 1954 Unused Serialized files (Serialized files now loaded: 0)
System memory in use before: 100.6 MB.
System memory in use after: 100.7 MB.

Unloading 49 unused Assets to reduce memory usage. Loaded Objects now: 2394.
Total: 6.759600 ms (FindLiveObjects: 0.765600 ms CreateObjectMapping: 0.132500 ms MarkObjects: 5.817900 ms  DeleteObjects: 0.042000 ms)

========================================================================
Received Prepare
Registering precompiled user dll's ...
Registered in 0.004907 seconds.
Begin MonoManager ReloadAssembly
Native extension for WindowsStandalone target not found
Refreshing native plugins compatible for Editor in 1.06 ms, found 2 plugins.
Preloading 0 native plugins for Editor in 0.00 ms.
Invoked RoslynAnalysisRunner static constructor.
RoslynAnalysisRunner will not be running.
RoslynAnalysisRunner has terminated.
Mono: successfully reloaded assembly
- Completed reload, in  1.429 seconds
Platform modules already initialized, skipping
Refreshing native plugins compatible for Editor in 0.94 ms, found 2 plugins.
Preloading 0 native plugins for Editor in 0.00 ms.
Unloading 1954 Unused Serialized files (Serialized files now loaded: 0)
System memory in use before: 100.6 MB.
System memory in use after: 100.8 MB.

Unloading 49 unused Assets to reduce memory usage. Loaded Objects now: 2397.
Total: 7.557400 ms (FindLiveObjects: 0.302700 ms CreateObjectMapping: 0.084000 ms MarkObjects: 7.116300 ms  DeleteObjects: 0.051800 ms)

========================================================================
Received Prepare
Registering precompiled user dll's ...
Registered in 0.003810 seconds.
Begin MonoManager ReloadAssembly
Native extension for WindowsStandalone target not found
Refreshing native plugins compatible for Editor in 0.85 ms, found 2 plugins.
Preloading 0 native plugins for Editor in 0.00 ms.
Invoked RoslynAnalysisRunner static constructor.
RoslynAnalysisRunner will not be running.
RoslynAnalysisRunner has terminated.
Mono: successfully reloaded assembly
- Completed reload, in  1.383 seconds
Platform modules already initialized, skipping
Refreshing native plugins compatible for Editor in 0.87 ms, found 2 plugins.
Preloading 0 native plugins for Editor in 0.00 ms.
Unloading 1954 Unused Serialized files (Serialized files now loaded: 0)
System memory in use before: 100.6 MB.
System memory in use after: 100.8 MB.

Unloading 49 unused Assets to reduce memory usage. Loaded Objects now: 2400.
Total: 7.251400 ms (FindLiveObjects: 0.298800 ms CreateObjectMapping: 0.073000 ms MarkObjects: 6.833900 ms  DeleteObjects: 0.043100 ms)

========================================================================
Received Prepare
Registering precompiled user dll's ...
Registered in 0.003849 seconds.
Begin MonoManager ReloadAssembly
Native extension for WindowsStandalone target not found
Refreshing native plugins compatible for Editor in 1.00 ms, found 2 plugins.
Preloading 0 native plugins for Editor in 0.00 ms.
Invoked RoslynAnalysisRunner static constructor.
RoslynAnalysisRunner will not be running.
RoslynAnalysisRunner has terminated.
Mono: successfully reloaded assembly
- Completed reload, in  1.664 seconds
Platform modules already initialized, skipping
Refreshing native plugins compatible for Editor in 0.85 ms, found 2 plugins.
Preloading 0 native plugins for Editor in 0.00 ms.
Unloading 1954 Unused Serialized files (Serialized files now loaded: 0)
System memory in use before: 100.7 MB.
System memory in use after: 100.8 MB.

Unloading 49 unused Assets to reduce memory usage. Loaded Objects now: 2403.
Total: 8.776500 ms (FindLiveObjects: 0.288800 ms CreateObjectMapping: 0.070900 ms MarkObjects: 8.374900 ms  DeleteObjects: 0.040200 ms)

========================================================================
Received Prepare
Registering precompiled user dll's ...
Registered in 0.003795 seconds.
Begin MonoManager ReloadAssembly
Native extension for WindowsStandalone target not found
Refreshing native plugins compatible for Editor in 0.86 ms, found 2 plugins.
Preloading 0 native plugins for Editor in 0.00 ms.
Invoked RoslynAnalysisRunner static constructor.
RoslynAnalysisRunner will not be running.
RoslynAnalysisRunner has terminated.
Mono: successfully reloaded assembly
- Completed reload, in  1.398 seconds
Platform modules already initialized, skipping
Refreshing native plugins compatible for Editor in 0.84 ms, found 2 plugins.
Preloading 0 native plugins for Editor in 0.00 ms.
Unloading 1954 Unused Serialized files (Serialized files now loaded: 0)
System memory in use before: 100.7 MB.
System memory in use after: 100.8 MB.

Unloading 49 unused Assets to reduce memory usage. Loaded Objects now: 2406.
Total: 5.869300 ms (FindLiveObjects: 0.278600 ms CreateObjectMapping: 0.056800 ms MarkObjects: 5.492300 ms  DeleteObjects: 0.040000 ms)

========================================================================
Received Import Request.
  Time since last request: 944.191169 seconds.
  path: Assets/Prefabs/Enemies/En2.prefab
  artifactKey: Guid(f6c1b04a9898c7744b7489a13f7fa0d2) Importer(815301076,1909f56bfc062723c751e8b465ee728b)
Start importing Assets/Prefabs/Enemies/En2.prefab using Guid(f6c1b04a9898c7744b7489a13f7fa0d2) Importer(815301076,1909f56bfc062723c751e8b465ee728b)  -> (artifact id: 'b989efab3a840cad86a2d64277d88d4e') in 0.053840 seconds
  Import took 0.076339 seconds .

========================================================================
Received Import Request.
  Time since last request: 0.210597 seconds.
  path: Assets/Prefabs/Enemies/En3.prefab
  artifactKey: Guid(60b9132a310aeb04599e038e00025850) Importer(815301076,1909f56bfc062723c751e8b465ee728b)
Start importing Assets/Prefabs/Enemies/En3.prefab using Guid(60b9132a310aeb04599e038e00025850) Importer(815301076,1909f56bfc062723c751e8b465ee728b)  -> (artifact id: '7fec8f71970e8d367af40c689ad5d5ec') in 0.008727 seconds
  Import took 0.092511 seconds .

========================================================================
Received Import Request.
  Time since last request: 0.151009 seconds.
  path: Assets/Prefabs/Enemies/En4.prefab
  artifactKey: Guid(88b684903c7a1be47abb05c307ae3a0a) Importer(815301076,1909f56bfc062723c751e8b465ee728b)
Start importing Assets/Prefabs/Enemies/En4.prefab using Guid(88b684903c7a1be47abb05c307ae3a0a) Importer(815301076,1909f56bfc062723c751e8b465ee728b)  -> (artifact id: '20bb8daf731f3e7f0480510cd8448581') in 0.019308 seconds
  Import took 0.043288 seconds .

========================================================================
Received Import Request.
  Time since last request: 4.557970 seconds.
  path: Assets/Prefabs/Enemies/En4.prefab
  artifactKey: Guid(88b684903c7a1be47abb05c307ae3a0a) Importer(815301076,1909f56bfc062723c751e8b465ee728b)
Start importing Assets/Prefabs/Enemies/En4.prefab using Guid(88b684903c7a1be47abb05c307ae3a0a) Importer(815301076,1909f56bfc062723c751e8b465ee728b)  -> (artifact id: 'e129acdd46c689f0f747d245454d6562') in 0.010688 seconds
  Import took 0.063343 seconds .

========================================================================
Received Import Request.
  Time since last request: 8.681142 seconds.
  path: Assets/Prefabs/Enemies/En4.prefab
  artifactKey: Guid(88b684903c7a1be47abb05c307ae3a0a) Importer(815301076,1909f56bfc062723c751e8b465ee728b)
Start importing Assets/Prefabs/Enemies/En4.prefab using Guid(88b684903c7a1be47abb05c307ae3a0a) Importer(815301076,1909f56bfc062723c751e8b465ee728b)  -> (artifact id: '65961e4272edba3d175b1d8602a369ac') in 0.011582 seconds
  Import took 0.048185 seconds .

========================================================================
Received Prepare
Registering precompiled user dll's ...
Registered in 0.004835 seconds.
Begin MonoManager ReloadAssembly
Native extension for WindowsStandalone target not found
Refreshing native plugins compatible for Editor in 0.97 ms, found 2 plugins.
Preloading 0 native plugins for Editor in 0.00 ms.
Invoked RoslynAnalysisRunner static constructor.
RoslynAnalysisRunner will not be running.
RoslynAnalysisRunner has terminated.
Mono: successfully reloaded assembly
- Completed reload, in  1.457 seconds
Platform modules already initialized, skipping
Refreshing native plugins compatible for Editor in 1.00 ms, found 2 plugins.
Preloading 0 native plugins for Editor in 0.00 ms.
Unloading 1954 Unused Serialized files (Serialized files now loaded: 0)
System memory in use before: 100.7 MB.
System memory in use after: 100.8 MB.

Unloading 51 unused Assets to reduce memory usage. Loaded Objects now: 2409.
Total: 6.106800 ms (FindLiveObjects: 0.264200 ms CreateObjectMapping: 0.055400 ms MarkObjects: 5.697500 ms  DeleteObjects: 0.088000 ms)

========================================================================
Received Prepare
Registering precompiled user dll's ...
Registered in 0.004351 seconds.
Begin MonoManager ReloadAssembly
Native extension for WindowsStandalone target not found
Refreshing native plugins compatible for Editor in 0.89 ms, found 2 plugins.
Preloading 0 native plugins for Editor in 0.00 ms.
Invoked RoslynAnalysisRunner static constructor.
RoslynAnalysisRunner will not be running.
RoslynAnalysisRunner has terminated.
Mono: successfully reloaded assembly
- Completed reload, in  1.441 seconds
Platform modules already initialized, skipping
Refreshing native plugins compatible for Editor in 0.79 ms, found 2 plugins.
Preloading 0 native plugins for Editor in 0.00 ms.
Unloading 1954 Unused Serialized files (Serialized files now loaded: 0)
System memory in use before: 100.7 MB.
System memory in use after: 100.8 MB.

Unloading 49 unused Assets to reduce memory usage. Loaded Objects now: 2412.
Total: 7.091800 ms (FindLiveObjects: 0.309400 ms CreateObjectMapping: 0.096200 ms MarkObjects: 6.637500 ms  DeleteObjects: 0.046100 ms)

